<?xml version="1.0" encoding="UTF-8"?>
<!-- Generated by org.testng.reporters.JUnitXMLReporter -->
<testsuite ignored="0" hostname="SYAA-DT-060" failures="0" tests="4" name="Default test" time="0.091" errors="0" timestamp="2025-07-28T16:06:44 IST">
  <testcase classname="JavaWithSelenuim.grouptestmethod" name="loginTest" time="0.014"/>
  <testcase classname="JavaWithSelenuim.grouptestmethod" name="profileUpdateTest" time="0.004"/>
  <testcase classname="JavaWithSelenuim.grouptestmethod" name="searchTest" time="0.002"/>
  <testcase classname="JavaWithSelenuim.grouptestmethod" name="test" time="0.001"/>
</testsuite> <!-- Default test -->
