<?xml version="1.0" encoding="UTF-8"?>
<!-- Generated by org.testng.reporters.JUnitXMLReporter -->
<testsuite ignored="2" hostname="SYAA-DT-060" failures="0" tests="2" name="Test" time="0.064" errors="0" timestamp="2025-07-28T16:08:33 IST">
  <testcase classname="JavaWithSelenuim.grouptestmethod" name="loginTest" time="0.01"/>
  <testcase classname="JavaWithSelenuim.grouptestmethod" name="searchTest" time="0.002"/>
  <testcase classname="JavaWithSelenuim.grouptestmethod" name="profileUpdateTest" time="0.0">
    <ignored/>
  </testcase> <!-- profileUpdateTest -->
  <testcase classname="JavaWithSelenuim.grouptestmethod" name="test" time="0.0">
    <ignored/>
  </testcase> <!-- test -->
</testsuite> <!-- Test -->
