<?xml version="1.0" encoding="UTF-8"?>
<testng-results ignored="2" total="4" passed="2" failed="0" skipped="0">
  <reporter-output>
  </reporter-output>
  <suite started-at="2025-07-28T16:08:33 IST" name="Suite" finished-at="2025-07-28T16:08:33 IST" duration-ms="64">
    <groups>
      <group name="regression">
        <method signature="grouptestmethod.searchTest()[pri:0, instance:JavaWithSelenuim.grouptestmethod@4c402120]" name="searchTest" class="JavaWithSelenuim.grouptestmethod"/>
      </group> <!-- regression -->
      <group name="smoke">
        <method signature="grouptestmethod.loginTest()[pri:0, instance:JavaWithSelenuim.grouptestmethod@4c402120]" name="loginTest" class="JavaWithSelenuim.grouptestmethod"/>
        <method signature="grouptestmethod.searchTest()[pri:0, instance:JavaWithSelenuim.grouptestmethod@4c402120]" name="searchTest" class="JavaWithSelenuim.grouptestmethod"/>
      </group> <!-- smoke -->
    </groups>
    <test started-at="2025-07-28T16:08:33 IST" name="Test" finished-at="2025-07-28T16:08:33 IST" duration-ms="64">
      <class name="JavaWithSelenuim.grouptestmethod">
        <test-method signature="loginTest()[pri:0, instance:JavaWithSelenuim.grouptestmethod@4c402120]" started-at="2025-07-28T16:08:33 IST" name="loginTest" finished-at="2025-07-28T16:08:33 IST" duration-ms="10" status="PASS">
          <reporter-output>
          </reporter-output>
        </test-method> <!-- loginTest -->
        <test-method signature="searchTest()[pri:0, instance:JavaWithSelenuim.grouptestmethod@4c402120]" started-at="2025-07-28T16:08:33 IST" name="searchTest" finished-at="2025-07-28T16:08:33 IST" duration-ms="2" status="PASS">
          <reporter-output>
          </reporter-output>
        </test-method> <!-- searchTest -->
      </class> <!-- JavaWithSelenuim.grouptestmethod -->
    </test> <!-- Test -->
  </suite> <!-- Suite -->
</testng-results>
